2020-02-04T12:49:59.568Z - normal: Load ~/.CocosCreator/settings.json
2020-02-04T12:49:59.625Z - normal: Initializing Asset Database
2020-02-04T12:49:59.629Z - normal: checking language setting...
2020-02-04T12:49:59.629Z - normal: Language: zh
2020-02-04T12:50:00.052Z - success: preview server running at http://localhost:7456
2020-02-04T12:50:00.068Z - success: protocol editor-framework registered
2020-02-04T12:50:00.068Z - success: protocol app registered
2020-02-04T12:50:00.068Z - success: protocol theme registered
2020-02-04T12:50:00.068Z - success: protocol packages registered
2020-02-04T12:50:00.068Z - success: protocol uuid registerred
2020-02-04T12:50:00.068Z - success: protocol db registerred
2020-02-04T12:50:00.068Z - success: protocol thumbnail registerred
2020-02-04T12:50:00.068Z - success: protocol unpack registerred
2020-02-04T12:50:00.068Z - success: protocol disable-commonjs registerred
2020-02-04T12:50:00.500Z - normal: connected!
2020-02-04T12:50:00.502Z - normal: Check project /Users/shenzhengyuan/CocosCreaterProjects/CPA_Good_Mark/PandaRunDemo
2020-02-04T12:50:00.503Z - normal: Initializing project /Users/shenzhengyuan/CocosCreaterProjects/CPA_Good_Mark/PandaRunDemo
2020-02-04T12:50:00.521Z - success: adapters loaded
2020-02-04T12:50:00.526Z - success: asset-db-debugger loaded
2020-02-04T12:50:00.606Z - success: fb-audience-network loaded
2020-02-04T12:50:00.629Z - success: fb-live-stream loaded
2020-02-04T12:50:00.631Z - success: google-play-instant loaded
2020-02-04T12:50:00.635Z - success: huawei-runtime loaded
2020-02-04T12:50:00.636Z - success: jkw-adapter loaded
2020-02-04T12:50:00.637Z - success: jsb-adapter loaded
2020-02-04T12:50:00.640Z - success: oppo-runtime loaded
2020-02-04T12:50:00.644Z - success: package-manager loaded
2020-02-04T12:50:00.645Z - success: qtt-adapter loaded
2020-02-04T12:50:00.647Z - success: runtime-dev-tools loaded
2020-02-04T12:50:00.653Z - success: sdkbox loaded
2020-02-04T12:50:00.658Z - success: ui-kit-preview-extra loaded
2020-02-04T12:50:00.661Z - success: ui-kit-preview loaded
2020-02-04T12:50:00.666Z - success: vivo-runtime loaded
2020-02-04T12:50:00.668Z - success: alipay-minigame loaded
2020-02-04T12:50:00.727Z - success: assets loaded
2020-02-04T12:50:00.729Z - success: baidugame-opendata loaded
2020-02-04T12:50:00.732Z - success: baidugame loaded
2020-02-04T12:50:00.739Z - success: builder loaded
2020-02-04T12:50:00.881Z - success: cocos-services loaded
2020-02-04T12:50:00.887Z - success: console loaded
2020-02-04T12:50:00.897Z - success: fb-instant-games loaded
2020-02-04T12:50:00.901Z - success: game-window loaded
2020-02-04T12:50:00.903Z - success: google-instant-games loaded
2020-02-04T12:50:00.907Z - success: hierarchy loaded
2020-02-04T12:50:00.912Z - success: inspector loaded
2020-02-04T12:50:01.188Z - success: cpk-publish loaded
2020-02-04T12:50:01.192Z - success: keystore loaded
2020-02-04T12:50:01.200Z - success: node-library loaded
2020-02-04T12:50:01.203Z - success: open-recent-items loaded
2020-02-04T12:50:01.208Z - success: package-asset loaded
2020-02-04T12:50:01.218Z - success: preferences loaded
2020-02-04T12:50:01.223Z - success: project-exporter loaded
2020-02-04T12:50:01.228Z - success: project-importer loaded
2020-02-04T12:50:01.232Z - success: project-settings loaded
2020-02-04T12:50:01.244Z - success: qtt-runtime loaded
2020-02-04T12:50:01.250Z - success: scene loaded
2020-02-04T12:50:01.252Z - success: simulator-debugger loaded
2020-02-04T12:50:01.253Z - success: sprite-editor loaded
2020-02-04T12:50:01.257Z - success: store loaded
2020-02-04T12:50:01.262Z - success: timeline loaded
2020-02-04T12:50:01.265Z - success: wechatgame-opendata loaded
2020-02-04T12:50:01.269Z - success: wechatgame loaded
2020-02-04T12:50:01.274Z - success: xiaomi-runtime loaded
2020-02-04T12:50:02.261Z - normal: Initializing Cocos2d
2020-02-04T12:50:02.598Z - normal: Initializing engine extends
2020-02-04T12:50:03.308Z - info: Cocos Service load base data!
2020-02-04T12:50:06.221Z - normal: Loading packages
2020-02-04T12:50:06.227Z - normal: Watching packages
2020-02-04T12:50:06.340Z - normal: Run Application
